TN:
SF:src/server/src/shared/@abstracts/database.abstract.ts
FNF:0
FNH:0
DA:1,1
DA:2,1
DA:3,1
DA:4,1
DA:5,1
LF:5
LH:5
BRF:0
BRH:0
end_of_record
TN:
SF:src/server/src/shared/@constants/env.collection.ts
FNF:0
FNH:0
DA:1,1
DA:2,1
DA:3,1
DA:4,1
DA:5,1
DA:6,1
DA:7,1
DA:8,1
LF:8
LH:8
BRF:0
BRH:0
end_of_record
TN:
SF:src/server/src/shared/services/db/database.service.ts
FN:8,<instance_members_initializer>
FN:11,DatabaseService
FN:25,connect
FN:29,disconnect
FN:33,execute
FNF:5
FNH:3
FNDA:1,<instance_members_initializer>
FNDA:1,DatabaseService
FNDA:1,connect
FNDA:0,disconnect
FNDA:0,execute
DA:1,1
DA:2,1
DA:3,1
DA:4,1
DA:5,1
DA:6,1
DA:7,1
DA:8,1
DA:9,1
DA:10,1
DA:11,1
DA:12,1
DA:13,1
DA:14,1
DA:15,1
DA:16,1
DA:17,1
DA:18,1
DA:19,1
DA:20,1
DA:21,1
DA:22,1
DA:23,1
DA:24,1
DA:25,1
DA:26,1
DA:27,0
DA:28,1
DA:29,1
DA:30,0
DA:31,0
DA:32,1
DA:33,1
DA:34,0
DA:35,0
DA:36,1
DA:37,1
LF:37
LH:32
BRDA:8,0,0,1
BRDA:11,1,0,1
BRDA:25,2,0,1
BRDA:27,3,0,0
BRF:4
BRH:3
end_of_record
